[debug] [2018-09-11T07:12:13.839Z] ----------------------------------------------------------------------
[debug] [2018-09-11T07:12:13.846Z] Command:       D:\Program Files\nodejs\node.exe C:\Users\Dabooz\AppData\Roaming\npm\node_modules\firebase-tools\bin\firebase serve
[debug] [2018-09-11T07:12:13.847Z] CLI Version:   4.1.2
[debug] [2018-09-11T07:12:13.848Z] Platform:      win32
[debug] [2018-09-11T07:12:13.849Z] Node Version:  v6.11.3
[debug] [2018-09-11T07:12:13.850Z] Time:          Tue Sep 11 2018 14:12:13 GMT+0700 (SE Asia Standard Time)
[debug] [2018-09-11T07:12:13.850Z] ----------------------------------------------------------------------
[debug] 
[debug] [2018-09-11T07:12:13.887Z] > command requires scopes: ["email","openid","https://www.googleapis.com/auth/cloudplatformprojects.readonly","https://www.googleapis.com/auth/firebase","https://www.googleapis.com/auth/cloud-platform"]
[debug] [2018-09-11T07:12:13.888Z] > authorizing via signed-in user
[debug] [2018-09-11T07:12:13.893Z] >>> HTTP REQUEST GET https://admin.firebase.com/v1/projects/wwpm-a903e  
 
[debug] [2018-09-11T07:12:15.311Z] <<< HTTP RESPONSE 200
[debug] [2018-09-11T07:12:15.316Z] >>> HTTP REQUEST GET https://cloudresourcemanager.googleapis.com/v1/projects/wwpm-a903e  
 
[debug] [2018-09-11T07:12:16.836Z] <<< HTTP RESPONSE 200
[info] 
[info] === Serving from 'D:\project_test\wwpm'...
[info] 
[info] i  functions: Preparing to emulate functions.
[debug] [2018-09-11T07:12:18.595Z] Fetching environment
[debug] [2018-09-11T07:12:18.601Z] >>> HTTP REQUEST GET https://mobilesdk-pa.googleapis.com/v1/projects/953081285936:getServerAppConfig  
 
[debug] [2018-09-11T07:12:18.602Z] >>> HTTP REQUEST GET https://mobilesdk-pa.googleapis.com/v1/projects/953081285936/clients/_:getWebAppConfig  
 
[debug] [2018-09-11T07:12:28.096Z] <<< HTTP RESPONSE 200
[debug] [2018-09-11T07:12:28.097Z] Starting @google-cloud/functions-emulator
[debug] [2018-09-11T07:12:28.164Z] <<< HTTP RESPONSE 200
[info] i  hosting: Serving hosting files from: public
[info] +  hosting: Local server: http://localhost:5000

[warn] !  functions: Error from emulator. Error: Emulator crashed! Check the log file...
[debug] [2018-09-11T07:12:28.455Z] Error: Emulator crashed! Check the log file...
    at ChildProcess.child.on (C:\Users\Dabooz\AppData\Roaming\npm\node_modules\firebase-tools\node_modules\@google-cloud\functions-emulator\src\cli\controller.js:650:24)
    at emitTwo (events.js:106:13)
    at ChildProcess.emit (events.js:191:7)
    at Process.ChildProcess._handle.onexit (internal/child_process.js:219:12)
